<?xml version="1.0" encoding="UTF-8"?>
<!-- Generated by org.testng.reporters.JUnitReportReporter -->
<testsuite hostname="Lokesh" failures="0" tests="3" name="com.tutorialsninja.qa.testcases.SearchTest" time="6.555" errors="0" timestamp="2024-10-13T17:08:47 IST" skipped="0">
  <testcase classname="com.tutorialsninja.qa.testcases.SearchTest" name="verifySearchWithValidProduct" time="2.403"/>
  <testcase classname="com.tutorialsninja.qa.testcases.SearchTest" name="verifySearchWithInValidProduct" time="2.210"/>
  <testcase classname="com.tutorialsninja.qa.testcases.SearchTest" name="verifySearchWithoutAnyProduct" time="1.942"/>
</testsuite> <!-- com.tutorialsninja.qa.testcases.SearchTest -->
